["2024-07-23T12:15:56.786", "DEBUG", "ubuntupro.config", "parse_config", 633, "Using client configuration file at /etc/ubuntu-advantage/uaclient.conf", {}]
["2024-07-23T12:15:56.786", "DEBUG", "ubuntupro.system", "load_file", 517, "Reading file: /etc/ubuntu-advantage/uaclient.conf", {}]
["2024-07-23T12:15:56.786", "DEBUG", "ubuntupro.files.files", "read", 60, "Tried to load /var/lib/ubuntu-advantage/user-config.json but file does not exist", {}]
["2024-07-23T12:15:56.791", "DEBUG", "ubuntupro.http", "configure_web_proxy", 146, "Setting no_proxy: 169.254.169.254,[fd00:ec2::254],metadata", {}]
["2024-07-23T12:15:56.791", "DEBUG", "ubuntupro.http", "configure_web_proxy", 154, "Setting global proxy dict", {}]
["2024-07-23T12:15:56.791", "DEBUG", "ubuntupro.cli", "main", 1821, "Executed with sys.argv: ['/usr/bin/pro', 'security-status', '--format=json']", {}]
["2024-07-23T12:15:56.791", "DEBUG", "ubuntupro.files.files", "read", 60, "Tried to load /var/lib/ubuntu-advantage/machine-token.json but file does not exist", {}]
["2024-07-23T12:15:57.000", "DEBUG", "ubuntupro.system", "load_file", 517, "Reading file: /etc/os-release", {}]
["2024-07-23T12:15:57.009", "DEBUG", "ubuntupro.system", "load_file", 517, "Reading file: /var/run/reboot-required.pkgs", {}]
["2024-07-23T12:15:57.009", "DEBUG", "ubuntupro.system", "load_file", 517, "Reading file: /var/run/reboot-required.pkgs", {}]
["2024-07-23T12:15:57.009", "DEBUG", "ubuntupro.livepatch", "status", 126, "canonical-livepatch is not installed", {}]
["2024-07-23T12:15:57.009", "DEBUG", "ubuntupro.livepatch", "status", 126, "canonical-livepatch is not installed", {}]
["2024-07-23T12:15:57.010", "DEBUG", "ubuntupro.system", "load_file", 517, "Reading file: /proc/version_signature", {}]
["2024-07-23T12:15:57.011", "WARNING", "ubuntupro.system", "_get_kernel_build_date", 131, "Unable to parse build date from uname version", {}]
["2024-07-23T12:15:57.016", "WARNING", "ubuntupro.system", "_get_kernel_changelog_timestamp", 104, "Falling back to using timestamp of kernel changelog", {}]
["2024-07-23T12:17:40.698", "DEBUG", "ubuntupro.config", "parse_config", 491, "Using client configuration file at /etc/ubuntu-advantage/uaclient.conf", {}]
["2024-07-23T12:17:40.700", "DEBUG", "ubuntupro.system", "load_file", 522, "Reading file: /etc/ubuntu-advantage/uaclient.conf", {}]
["2024-07-23T12:17:40.701", "DEBUG", "ubuntupro.files.files", "read", 67, "Tried to load /var/lib/ubuntu-advantage/user-config.json but file does not exist", {}]
["2024-07-23T12:17:40.708", "DEBUG", "ubuntupro.http", "configure_web_proxy", 146, "Setting no_proxy: 169.254.169.254,[fd00:ec2::254],metadata", {}]
["2024-07-23T12:17:40.708", "DEBUG", "ubuntupro.http", "configure_web_proxy", 154, "Setting global proxy dict", {}]
["2024-07-23T12:17:40.708", "DEBUG", "ubuntupro.cli", "main", 1428, "Executed with sys.argv: ['/usr/bin/pro', 'security-status', '--format=json']", {}]
["2024-07-23T12:17:40.709", "DEBUG", "ubuntupro.files.files", "read", 67, "Tried to load /var/lib/ubuntu-advantage/machine-token.json but file does not exist", {}]
["2024-07-23T12:17:40.941", "DEBUG", "ubuntupro.system", "load_file", 522, "Reading file: /etc/os-release", {}]
["2024-07-23T12:17:40.951", "DEBUG", "ubuntupro.system", "load_file", 522, "Reading file: /var/run/reboot-required.pkgs", {}]
["2024-07-23T12:17:40.951", "DEBUG", "ubuntupro.system", "load_file", 522, "Reading file: /var/run/reboot-required.pkgs", {}]
["2024-07-23T12:17:40.952", "DEBUG", "ubuntupro.livepatch", "status", 126, "canonical-livepatch is not installed", {}]
["2024-07-23T12:17:40.952", "DEBUG", "ubuntupro.livepatch", "status", 126, "canonical-livepatch is not installed", {}]
["2024-07-23T12:17:40.952", "DEBUG", "ubuntupro.system", "load_file", 522, "Reading file: /proc/version_signature", {}]
["2024-07-23T12:17:40.954", "WARNING", "ubuntupro.system", "_get_kernel_build_date", 131, "Unable to parse build date from uname version", {}]
["2024-07-23T12:17:40.958", "WARNING", "ubuntupro.system", "_get_kernel_changelog_timestamp", 104, "Falling back to using timestamp of kernel changelog", {}]
