2024-07-23 12:34:14.218 [info] Getting Manifest... ms-vscode.remote-repositories
2024-07-23 12:34:14.230 [info] Installing extension: ms-vscode.remote-repositories {"isMachineScoped":false,"donotIncludePackAndDependencies":false,"context":{"skipWalkthrough":true},"profileLocation":{"$mid":1,"external":"vscode-userdata:/home/melp/.vscode/extensions/extensions.json","path":"/home/melp/.vscode/extensions/extensions.json","scheme":"vscode-userdata"},"installOnlyNewlyAddedFromExtensionPack":true,"isApplicationScoped":false,"productVersion":{"version":"1.91.1","date":"2024-07-09T22:08:12.169Z"}}
2024-07-23 12:34:16.263 [info] Getting Manifest... github.remotehub
2024-07-23 12:34:16.375 [info] Getting Manifest... ms-vscode.azure-repos
2024-07-23 12:34:16.416 [info] Installing extension: github.remotehub {"isMachineScoped":false,"donotIncludePackAndDependencies":false,"context":{"skipWalkthrough":true,"dependecyOrPackExtensionInstall":true},"profileLocation":{"$mid":1,"external":"vscode-userdata:/home/melp/.vscode/extensions/extensions.json","path":"/home/melp/.vscode/extensions/extensions.json","scheme":"vscode-userdata"},"installOnlyNewlyAddedFromExtensionPack":true,"isApplicationScoped":false,"productVersion":{"version":"1.91.1","date":"2024-07-09T22:08:12.169Z"}}
2024-07-23 12:34:16.416 [info] Installing extension: ms-vscode.azure-repos {"isMachineScoped":false,"donotIncludePackAndDependencies":false,"context":{"skipWalkthrough":true,"dependecyOrPackExtensionInstall":true},"profileLocation":{"$mid":1,"external":"vscode-userdata:/home/melp/.vscode/extensions/extensions.json","path":"/home/melp/.vscode/extensions/extensions.json","scheme":"vscode-userdata"},"installOnlyNewlyAddedFromExtensionPack":true,"isApplicationScoped":false,"productVersion":{"version":"1.91.1","date":"2024-07-09T22:08:12.169Z"}}
2024-07-23 12:34:17.969 [info] Extension signature verification result for ms-vscode.azure-repos: Success. Executed: true. Duration: 788ms.
2024-07-23 12:34:18.010 [info] Extracted extension to file:///home/melp/.vscode/extensions/ms-vscode.azure-repos-0.38.0: ms-vscode.azure-repos
2024-07-23 12:34:18.021 [info] Renamed to /home/melp/.vscode/extensions/ms-vscode.azure-repos-0.38.0
2024-07-23 12:34:18.070 [info] Extension signature verification result for github.remotehub: Success. Executed: true. Duration: 791ms.
2024-07-23 12:34:18.079 [info] Extension signature verification result for ms-vscode.remote-repositories: Success. Executed: true. Duration: 820ms.
2024-07-23 12:34:18.104 [error] [uncaught exception in sharedProcess]: Error: ENOENT: no such file or directory, stat '/home/melp/.vscode/extensions/extensions.json.vsctmp': EntryNotFound (FileSystemError): Error: ENOENT: no such file or directory, stat '/home/melp/.vscode/extensions/extensions.json.vsctmp'
    at h.create (/usr/share/code/resources/app/out/vs/code/node/sharedProcess/sharedProcessMain.js:54:19262)
    at f (/usr/share/code/resources/app/out/vs/code/node/sharedProcess/sharedProcessMain.js:54:19372)
    at P.hb (/usr/share/code/resources/app/out/vs/code/node/sharedProcess/sharedProcessMain.js:59:36571)
    at P.stat (/usr/share/code/resources/app/out/vs/code/node/sharedProcess/sharedProcessMain.js:59:28919)
    at async s.stat (/usr/share/code/resources/app/out/vs/code/node/sharedProcess/sharedProcessMain.js:59:14907)
    at async V.vb (/usr/share/code/resources/app/out/vs/code/node/sharedProcess/sharedProcessMain.js:105:119283)
2024-07-23 12:34:18.119 [info] Extracted extension to file:///home/melp/.vscode/extensions/github.remotehub-0.62.0: github.remotehub
2024-07-23 12:34:18.123 [info] Renamed to /home/melp/.vscode/extensions/github.remotehub-0.62.0
2024-07-23 12:34:18.140 [info] Extracted extension to file:///home/melp/.vscode/extensions/ms-vscode.remote-repositories-0.40.0: ms-vscode.remote-repositories
2024-07-23 12:34:18.144 [info] Renamed to /home/melp/.vscode/extensions/ms-vscode.remote-repositories-0.40.0
2024-07-23 12:34:18.157 [info] Extension installed successfully: ms-vscode.azure-repos vscode-userdata:/home/melp/.vscode/extensions/extensions.json
2024-07-23 12:34:18.158 [info] Extension installed successfully: github.remotehub vscode-userdata:/home/melp/.vscode/extensions/extensions.json
2024-07-23 12:34:18.158 [info] Extension installed successfully: ms-vscode.remote-repositories vscode-userdata:/home/melp/.vscode/extensions/extensions.json
