2024-07-23 12:26:12.752 [info] Started initializing default profile extensions in extensions installation folder. file:///home/melp/.vscode/extensions
2024-07-23 12:26:12.809 [warning] Failed to create default profile extensions manifest in extensions installation folder. file:///home/melp/.vscode/extensions Unable to create file 'vscode-userdata:/home/melp/.vscode/extensions/extensions.json' that already exists when overwrite flag is not set
2024-07-23 12:26:12.810 [info] Completed initializing default profile extensions in extensions installation folder. file:///home/melp/.vscode/extensions
2024-07-23 12:26:40.754 [info] Getting Manifest... ms-python.python
2024-07-23 12:26:40.767 [info] Installing extension: ms-python.python {"isMachineScoped":false,"installPreReleaseVersion":false,"pinned":false,"profileLocation":{"$mid":1,"external":"vscode-userdata:/home/melp/.vscode/extensions/extensions.json","path":"/home/melp/.vscode/extensions/extensions.json","scheme":"vscode-userdata"},"installOnlyNewlyAddedFromExtensionPack":true,"isApplicationScoped":false,"productVersion":{"version":"1.91.1","date":"2024-07-09T22:08:12.169Z"}}
2024-07-23 12:26:41.968 [info] Getting Manifest... ms-python.vscode-pylance
2024-07-23 12:26:41.981 [info] Getting Manifest... ms-python.debugpy
2024-07-23 12:26:42.007 [info] Installing extension: ms-python.vscode-pylance {"isMachineScoped":false,"installPreReleaseVersion":false,"pinned":false,"profileLocation":{"$mid":1,"external":"vscode-userdata:/home/melp/.vscode/extensions/extensions.json","path":"/home/melp/.vscode/extensions/extensions.json","scheme":"vscode-userdata"},"installOnlyNewlyAddedFromExtensionPack":true,"isApplicationScoped":false,"productVersion":{"version":"1.91.1","date":"2024-07-09T22:08:12.169Z"},"context":{"dependecyOrPackExtensionInstall":true}}
2024-07-23 12:26:42.008 [info] Installing extension: ms-python.debugpy {"isMachineScoped":false,"installPreReleaseVersion":false,"pinned":false,"profileLocation":{"$mid":1,"external":"vscode-userdata:/home/melp/.vscode/extensions/extensions.json","path":"/home/melp/.vscode/extensions/extensions.json","scheme":"vscode-userdata"},"installOnlyNewlyAddedFromExtensionPack":true,"isApplicationScoped":false,"productVersion":{"version":"1.91.1","date":"2024-07-09T22:08:12.169Z"},"context":{"dependecyOrPackExtensionInstall":true}}
2024-07-23 12:26:45.894 [info] Extension signature verification result for ms-python.python: Success. Executed: true. Duration: 1066ms.
2024-07-23 12:26:46.178 [info] Extension signature verification result for ms-python.debugpy: Success. Executed: true. Duration: 935ms.
2024-07-23 12:26:46.485 [info] Extracted extension to file:///home/melp/.vscode/extensions/ms-python.debugpy-2024.8.0-linux-x64: ms-python.debugpy
2024-07-23 12:26:46.498 [info] Renamed to /home/melp/.vscode/extensions/ms-python.debugpy-2024.8.0-linux-x64
2024-07-23 12:26:46.581 [error] [uncaught exception in sharedProcess]: Error: ENOENT: no such file or directory, stat '/home/melp/.vscode/extensions/extensions.json.vsctmp': EntryNotFound (FileSystemError): Error: ENOENT: no such file or directory, stat '/home/melp/.vscode/extensions/extensions.json.vsctmp'
    at h.create (/usr/share/code/resources/app/out/vs/code/node/sharedProcess/sharedProcessMain.js:54:19262)
    at f (/usr/share/code/resources/app/out/vs/code/node/sharedProcess/sharedProcessMain.js:54:19372)
    at P.hb (/usr/share/code/resources/app/out/vs/code/node/sharedProcess/sharedProcessMain.js:59:36571)
    at P.stat (/usr/share/code/resources/app/out/vs/code/node/sharedProcess/sharedProcessMain.js:59:28919)
    at async s.stat (/usr/share/code/resources/app/out/vs/code/node/sharedProcess/sharedProcessMain.js:59:14907)
    at async V.vb (/usr/share/code/resources/app/out/vs/code/node/sharedProcess/sharedProcessMain.js:105:119283)
2024-07-23 12:26:46.946 [info] Extracted extension to file:///home/melp/.vscode/extensions/ms-python.python-2024.10.0-linux-x64: ms-python.python
2024-07-23 12:26:46.959 [info] Renamed to /home/melp/.vscode/extensions/ms-python.python-2024.10.0-linux-x64
2024-07-23 12:26:47.042 [error] [uncaught exception in sharedProcess]: Error: ENOENT: no such file or directory, stat '/home/melp/.vscode/extensions/extensions.json.vsctmp': EntryNotFound (FileSystemError): Error: ENOENT: no such file or directory, stat '/home/melp/.vscode/extensions/extensions.json.vsctmp'
    at h.create (/usr/share/code/resources/app/out/vs/code/node/sharedProcess/sharedProcessMain.js:54:19262)
    at f (/usr/share/code/resources/app/out/vs/code/node/sharedProcess/sharedProcessMain.js:54:19372)
    at P.hb (/usr/share/code/resources/app/out/vs/code/node/sharedProcess/sharedProcessMain.js:59:36571)
    at P.stat (/usr/share/code/resources/app/out/vs/code/node/sharedProcess/sharedProcessMain.js:59:28919)
    at async s.stat (/usr/share/code/resources/app/out/vs/code/node/sharedProcess/sharedProcessMain.js:59:14907)
    at async V.vb (/usr/share/code/resources/app/out/vs/code/node/sharedProcess/sharedProcessMain.js:105:119283)
2024-07-23 12:26:47.744 [info] Extension signature verification result for ms-python.vscode-pylance: Success. Executed: true. Duration: 1708ms.
2024-07-23 12:26:49.530 [info] Extracted extension to file:///home/melp/.vscode/extensions/ms-python.vscode-pylance-2024.7.1: ms-python.vscode-pylance
2024-07-23 12:26:49.545 [info] Renamed to /home/melp/.vscode/extensions/ms-python.vscode-pylance-2024.7.1
2024-07-23 12:26:49.559 [info] Extension installed successfully: ms-python.debugpy vscode-userdata:/home/melp/.vscode/extensions/extensions.json
2024-07-23 12:26:49.560 [info] Extension installed successfully: ms-python.python vscode-userdata:/home/melp/.vscode/extensions/extensions.json
2024-07-23 12:26:49.560 [info] Extension installed successfully: ms-python.vscode-pylance vscode-userdata:/home/melp/.vscode/extensions/extensions.json
2024-07-23 12:26:49.626 [error] [uncaught exception in sharedProcess]: Error: ENOENT: no such file or directory, stat '/home/melp/.vscode/extensions/extensions.json.vsctmp': EntryNotFound (FileSystemError): Error: ENOENT: no such file or directory, stat '/home/melp/.vscode/extensions/extensions.json.vsctmp'
    at h.create (/usr/share/code/resources/app/out/vs/code/node/sharedProcess/sharedProcessMain.js:54:19262)
    at f (/usr/share/code/resources/app/out/vs/code/node/sharedProcess/sharedProcessMain.js:54:19372)
    at P.hb (/usr/share/code/resources/app/out/vs/code/node/sharedProcess/sharedProcessMain.js:59:36571)
    at P.stat (/usr/share/code/resources/app/out/vs/code/node/sharedProcess/sharedProcessMain.js:59:28919)
    at async s.stat (/usr/share/code/resources/app/out/vs/code/node/sharedProcess/sharedProcessMain.js:59:14907)
    at async V.vb (/usr/share/code/resources/app/out/vs/code/node/sharedProcess/sharedProcessMain.js:105:119283)
