2024-07-23 12:34:22.877 [info] Reading sessions from keychain...
2024-07-23 12:34:22.877 [info] Getting sessions for all scopes...
2024-07-23 12:34:22.877 [info] Getting sessions for all scopes...
2024-07-23 12:34:22.878 [info] Getting sessions for read:user,repo,user:email,workflow...
2024-07-23 12:34:22.897 [info] Got 0 sessions for ...
2024-07-23 12:34:22.897 [info] Got 0 sessions for ...
2024-07-23 12:34:22.897 [info] Got 0 sessions for read:user,repo,user:email,workflow...
2024-07-23 12:34:26.653 [info] Logging in for the following scopes: read:user repo user:email workflow
2024-07-23 12:34:26.655 [info] Trying without local server... (read:user repo user:email workflow)
2024-07-23 12:34:53.131 [error] User Cancelled
2024-07-23 12:34:55.777 [info] Trying with local server... (read:user repo user:email workflow)
2024-07-23 12:34:57.107 [info] Exchanging code for token...
2024-07-23 12:34:57.555 [info] Token exchange success!
2024-07-23 12:34:57.561 [info] Getting user info...
2024-07-23 12:34:58.430 [info] Got account info!
2024-07-23 12:34:58.431 [info] Storing 1 sessions...
2024-07-23 12:34:58.435 [info] Reading sessions from keychain...
2024-07-23 12:34:58.435 [info] Stored 1 sessions!
2024-07-23 12:34:58.436 [info] Login success!
2024-07-23 12:34:58.463 [info] Got stored sessions!
2024-07-23 12:34:58.463 [info] Got 1 verified sessions.
